[10:54:15] [ServerMain/INFO]: [bootstrap] Running Java 21 (OpenJDK 64-Bit Server VM 21.0.10+7-LTS; Eclipse Adoptium Temurin-21.0.10+7) on Windows 11 10.0 (amd64)
[10:54:15] [ServerMain/INFO]: [bootstrap] Loading Paper 1.21.11-69-main@94d0c97 (2025-12-30T20:33:30Z) for Minecraft 1.21.11
[10:54:18] [ServerMain/INFO]: [PluginInitializerManager] Initializing plugins...
[10:54:19] [Paper Plugin Remapper Thread - 2/INFO]: [PluginRemapper] Remapping plugin 'C:\Users\Lee Lunbin\Documents\Projects\Code\Kotlin\LunShop\build\libs\LunShop-1.0-SNAPSHOT-all.jar'...
[10:54:24] [Paper Plugin Remapper Thread - 2/INFO]: [PluginRemapper] Done remapping plugin 'C:\Users\Lee Lunbin\Documents\Projects\Code\Kotlin\LunShop\build\libs\LunShop-1.0-SNAPSHOT-all.jar' in 5331ms.
[10:54:25] [ServerMain/INFO]: [PluginInitializerManager] Initialized 1 plugin
[10:54:25] [ServerMain/INFO]: [PluginInitializerManager] Bukkit plugins (1):
 - LunShop (1.3-SNAPSHOT)
[10:54:45] [ServerMain/INFO]: Environment: Environment[sessionHost=https://sessionserver.mojang.com, servicesHost=https://api.minecraftservices.com, profilesHost=https://api.mojang.com, name=PROD]
[10:54:57] [ServerMain/INFO]: Loaded 1470 recipes
[10:54:57] [ServerMain/INFO]: Loaded 1584 advancements
[10:54:57] [ServerMain/INFO]: [ca.spottedleaf.dataconverter.minecraft.datatypes.MCTypeRegistry] Initialising converters for DataConverter...
[10:54:59] [ServerMain/INFO]: [ca.spottedleaf.dataconverter.minecraft.datatypes.MCTypeRegistry] Finished initialising converters for DataConverter in 1,778.3ms
[10:55:00] [Server thread/INFO]: Starting minecraft server version 1.21.11
[10:55:00] [Server thread/INFO]: Loading properties
[10:55:00] [Server thread/INFO]: This server is running Paper version 1.21.11-69-main@94d0c97 (2025-12-30T20:33:30Z) (Implementing API version 1.21.11-R0.1-SNAPSHOT)
[10:55:00] [Server thread/INFO]: [spark] This server bundles the spark profiler. For more information please visit https://docs.papermc.io/paper/profiling
[10:55:00] [Server thread/INFO]: Using 4 threads for Netty based IO
[10:55:00] [Server thread/INFO]: Server Ping Player Sample Count: 12
[10:55:03] [Server thread/INFO]: [MoonriseCommon] Paper is using 1 worker threads, 1 I/O threads
[10:55:03] [Server thread/INFO]: Default game type: SURVIVAL
[10:55:03] [Server thread/INFO]: Generating keypair
[10:55:04] [Server thread/INFO]: Starting Minecraft server on *:25565
[10:55:04] [Server thread/INFO]: Paper: Using Java compression from Velocity.
[10:55:04] [Server thread/INFO]: Paper: Using Java cipher from Velocity.
[10:55:04] [Server thread/INFO]: [LunShop] Loading server plugin LunShop v1.3-SNAPSHOT
[10:55:05] [Server thread/INFO]: Server permissions file permissions.yml is empty, ignoring it
[10:55:05] [Server thread/INFO]: Preparing level "world"
[10:55:06] [Server thread/INFO]: Loading 0 persistent chunks for world 'minecraft:overworld'...
[10:55:06] [Server thread/INFO]: Preparing spawn area: 100%
[10:55:06] [Server thread/INFO]: Prepared spawn area in 4 ms
[10:55:06] [Server thread/INFO]: Loading 0 persistent chunks for world 'minecraft:the_nether'...
[10:55:06] [Server thread/INFO]: Prepared spawn area in 1 ms
[10:55:06] [Server thread/INFO]: Loading 0 persistent chunks for world 'minecraft:the_end'...
[10:55:06] [Server thread/INFO]: Prepared spawn area in 2 ms
[10:55:06] [Server thread/INFO]: Done preparing level "world" (1.783s)
[10:55:06] [Server thread/INFO]: [LunShop] Enabling LunShop v1.3-SNAPSHOT
[10:55:06] [Server thread/INFO]: [LunShop] LunShop has been enabled successfully!
[10:55:06] [Server thread/INFO]: [LunShop] Loading Shop Items.
[10:55:07] [Server thread/INFO]: [LunShop] Loaded 5 items
[10:55:07] [Server thread/INFO]: [spark] Starting background profiler...
[10:55:07] [Server thread/INFO]: [spark] The async-profiler engine is not supported for your os/arch (windows11/amd64), so the built-in Java engine will be used instead.
[10:55:07] [Server thread/INFO]: Running delayed init tasks
[10:55:07] [Server thread/INFO]: Done (55.894s)! For help, type "help"
